{"C:\\Users\\Asus\\OneDrive\\Desktop\\Food Ordering Website\\src\\components\\sum.js": {"path":"C:\\Users\\Asus\\OneDrive\\Desktop\\Food Ordering Website\\src\\components\\sum.js","statementMap":{"0":{"start":{"line":1,"column":17},"end":{"line":3,"column":1}},"1":{"start":{"line":2,"column":4},"end":{"line":2,"column":15}}},"fnMap":{"0":{"name":"(anonymous_0)","decl":{"start":{"line":1,"column":17},"end":{"line":1,"column":18}},"loc":{"start":{"line":1,"column":24},"end":{"line":3,"column":1}},"line":1}},"branchMap":{},"s":{"0":1,"1":1},"f":{"0":1},"b":{},"_coverageSchema":"1a1c01bbd47fc00a2c39e90264f33305004495a9","hash":"e25690f4ee02e1f2c3c22edcc26cf12312a98fef"}
}
